This is pdfTeX, Version 3.14159265-2.6-1.40.16 (MiKTeX 2.9) (preloaded format=latex 2017.10.23)  5 MAR 2018 16:20
entering extended mode
**torque2.tex
(torque2.tex
LaTeX2e <2015/01/01>
Babel <3.9l> and hyphenation patterns for 69 languages loaded.
(jpconf.cls
Document Class: jpconf 2007/03/07 v1.1 LaTeX class for Journal of Physics: Conf
erence Series
(jpconf11.clo
File: jpconf11.clo 2005/05/04 v1.0 LaTeX2e file (size option)
)
\indentedwidth=\skip41
\mathindent=\dimen102
\c@oldftnote=\count79
\c@section=\count80
\c@subsection=\count81
\c@subsubsection=\count82
\c@paragraph=\count83
\c@subparagraph=\count84
\c@figure=\count85
\c@table=\count86
\abovecaptionskip=\skip42
\belowcaptionskip=\skip43
\bibindent=\dimen103
\c@eqnval=\count87
)
("C:\Program Files (x86)\MiKTeX 2.9\tex\latex\graphics\graphicx.sty"
Package: graphicx 2014/10/28 v1.0g Enhanced LaTeX Graphics (DPC,SPQR)

("C:\Program Files (x86)\MiKTeX 2.9\tex\latex\graphics\keyval.sty"
Package: keyval 2014/10/28 v1.15 key=value parser (DPC)
\KV@toks@=\toks14
)
("C:\Program Files (x86)\MiKTeX 2.9\tex\latex\graphics\graphics.sty"
Package: graphics 2014/10/28 v1.0p Standard LaTeX Graphics (DPC,SPQR)

("C:\Program Files (x86)\MiKTeX 2.9\tex\latex\graphics\trig.sty"
Package: trig 1999/03/16 v1.09 sin cos tan (DPC)
)
("C:\Program Files (x86)\MiKTeX 2.9\tex\latex\00miktex\graphics.cfg"
File: graphics.cfg 2007/01/18 v1.5 graphics configuration of teTeX/TeXLive
)
Package graphics Info: Driver file: dvips.def on input line 94.

("C:\Program Files (x86)\MiKTeX 2.9\tex\latex\graphics\dvips.def"
File: dvips.def 2014/10/14 v3.0j Driver-dependent file (DPC,SPQR)
))
\Gin@req@height=\dimen104
\Gin@req@width=\dimen105
)
\@input{packages_and_commands.aux}
(packages_and_commands.tex
("C:\Program Files (x86)\MiKTeX 2.9\tex\latex\tools\tabularx.sty"
Package: tabularx 2014/10/28 v2.10 `tabularx' package (DPC)

("C:\Program Files (x86)\MiKTeX 2.9\tex\latex\tools\array.sty"
Package: array 2014/10/28 v2.4c Tabular extension package (FMi)
\col@sep=\dimen106
\extrarowheight=\dimen107
\NC@list=\toks15
\extratabsurround=\skip44
\backup@length=\skip45


LaTeX Warning: Command \@xhline  has changed.
               Check if current package is valid.

)
\TX@col@width=\dimen108
\TX@old@table=\dimen109
\TX@old@col=\dimen110
\TX@target=\dimen111
\TX@delta=\dimen112
\TX@cols=\count88
\TX@ftn=\toks16
) ("C:\Program Files (x86)\MiKTeX 2.9\tex\latex\multirow\multirow.sty"
\bigstrutjot=\dimen113
)
(C:\Users\u0087680\AppData\Roaming\MiKTeX\2.9\tex\latex\booktabs\booktabs.sty
Package: booktabs 2005/04/14 v1.61803 publication quality tables
\heavyrulewidth=\dimen114
\lightrulewidth=\dimen115
\cmidrulewidth=\dimen116
\belowrulesep=\dimen117
\belowbottomsep=\dimen118
\aboverulesep=\dimen119
\abovetopsep=\dimen120
\cmidrulesep=\dimen121
\cmidrulekern=\dimen122
\defaultaddspace=\dimen123
\@cmidla=\count89
\@cmidlb=\count90
\@aboverulesep=\dimen124
\@belowrulesep=\dimen125
\@thisruleclass=\count91
\@lastruleclass=\count92
\@thisrulewidth=\dimen126
)
(C:\Users\u0087680\AppData\Roaming\MiKTeX\2.9\tex\latex\caption\caption.sty
Package: caption 2016/02/21 v3.3-144 Customizing captions (AR)

(C:\Users\u0087680\AppData\Roaming\MiKTeX\2.9\tex\latex\caption\caption3.sty
Package: caption3 2016/05/22 v1.7-166 caption3 kernel (AR)
Package caption3 Info: TeX engine: e-TeX on input line 67.
\captionmargin=\dimen127
\captionmargin@=\dimen128
\captionwidth=\dimen129
\caption@tempdima=\dimen130
\caption@indent=\dimen131
\caption@parindent=\dimen132
\caption@hangindent=\dimen133
Package caption Info: Unknown document class (or package),
(caption)             standard defaults will be used.
)

Package caption Warning: Unsupported document class (or package) detected,
(caption)                usage of the caption package is not recommended.
See the caption package documentation for explanation.

Package caption Info: \@makecaption = \long macro:#1#2->\vskip \abovecaptionski
p \sbox \@tempboxa {{\bf #1.} #2}\ifdim \wd \@tempboxa >\hsize {\bf #1.} #2\par
 \else \global \@minipagefalse \hb@xt@ \hsize {\hfil \box \@tempboxa \hfil }\fi
 \vskip \belowcaptionskip .
\c@ContinuedFloat=\count93
) ("C:\Program Files (x86)\MiKTeX 2.9\tex\latex\base\fixltx2e.sty"
Package: fixltx2e 2015/02/21 v2.0a fixes to LaTeX (obsolete)


Package fixltx2e Warning: fixltx2e is not required with releases after 2015
(fixltx2e)                All fixes are now in the LaTeX kernel.
(fixltx2e)                See the latexrelease package for details.

)
(C:\Users\u0087680\AppData\Roaming\MiKTeX\2.9\tex\latex\threeparttable\threepar
ttable.sty
Package: threeparttable 2003/06/13  v 3.0
\@tempboxb=\box26
)
(C:\Users\u0087680\AppData\Roaming\MiKTeX\2.9\tex\latex\arydshln\arydshln.sty
Package: arydshln 2016/04/28 v1.73 
\dashlinedash=\dimen134
\dashlinegap=\dimen135
\adl@box=\box27
\adl@height=\dimen136
\adl@heightsave=\dimen137
\adl@depth=\dimen138
\adl@depthsave=\dimen139
\adl@finaldepth=\dimen140
\adl@columns=\count94
\adl@ncol=\count95
\adl@currentcolumn=\count96
\adl@currentcolumnsave=\count97
\adl@totalheight=\count98
\adl@totalheightsave=\count99
\adl@dash=\count100
\adl@gap=\count101
\adl@cla=\count102
\adl@clb=\count103
\adl@everyvbox=\toks17
\adl@LTpagetotal=\dimen141
)
("C:\Program Files (x86)\MiKTeX 2.9\tex\latex\jknappen\mathrsfs.sty"
Package: mathrsfs 1996/01/01 Math RSFS package v1.0 (jk)
\symrsfs=\mathgroup4
)
("C:\Program Files (x86)\MiKTeX 2.9\tex\latex\amsmath\amsmath.sty"
Package: amsmath 2013/01/14 v2.14 AMS math features
\@mathmargin=\skip46

For additional information on amsmath, use the `?' option.
("C:\Program Files (x86)\MiKTeX 2.9\tex\latex\amsmath\amstext.sty"
Package: amstext 2000/06/29 v2.01

("C:\Program Files (x86)\MiKTeX 2.9\tex\latex\amsmath\amsgen.sty"
File: amsgen.sty 1999/11/30 v2.0
\@emptytoks=\toks18
\ex@=\dimen142
))
("C:\Program Files (x86)\MiKTeX 2.9\tex\latex\amsmath\amsbsy.sty"
Package: amsbsy 1999/11/29 v1.2d
\pmbraise@=\dimen143
)
("C:\Program Files (x86)\MiKTeX 2.9\tex\latex\amsmath\amsopn.sty"
Package: amsopn 1999/12/14 v2.01 operator names
)
\inf@bad=\count104
LaTeX Info: Redefining \frac on input line 210.
\uproot@=\count105
\leftroot@=\count106
LaTeX Info: Redefining \overline on input line 306.
\classnum@=\count107
\DOTSCASE@=\count108
LaTeX Info: Redefining \ldots on input line 378.
LaTeX Info: Redefining \dots on input line 381.
LaTeX Info: Redefining \cdots on input line 466.
\Mathstrutbox@=\box28
\strutbox@=\box29
\big@size=\dimen144
LaTeX Font Info:    Redeclaring font encoding OML on input line 566.
LaTeX Font Info:    Redeclaring font encoding OMS on input line 567.
\macc@depth=\count109
\c@MaxMatrixCols=\count110
\dotsspace@=\muskip10
\c@parentequation=\count111
\dspbrk@lvl=\count112
\tag@help=\toks19
\row@=\count113
\column@=\count114
\maxfields@=\count115
\andhelp@=\toks20
\eqnshift@=\dimen145
\alignsep@=\dimen146
\tagshift@=\dimen147
\tagwidth@=\dimen148
\totwidth@=\dimen149
\lineht@=\dimen150
\@envbody=\toks21
\multlinegap=\skip47
\multlinetaggap=\skip48
\mathdisplay@stack=\toks22
LaTeX Info: Redefining \[ on input line 2665.
LaTeX Info: Redefining \] on input line 2666.
)
("C:\Program Files (x86)\MiKTeX 2.9\tex\latex\amsfonts\amsfonts.sty"
Package: amsfonts 2013/01/14 v3.01 Basic AMSFonts support
\symAMSa=\mathgroup5
\symAMSb=\mathgroup6
LaTeX Font Info:    Overwriting math alphabet `\mathfrak' in version `bold'
(Font)                  U/euf/m/n --> U/euf/b/n on input line 106.
)
("C:\Program Files (x86)\MiKTeX 2.9\tex\latex\oberdiek\epstopdf.sty"
Package: epstopdf 2010/02/09 v2.5 Conversion with epstopdf on the fly (HO)

("C:\Program Files (x86)\MiKTeX 2.9\tex\latex\oberdiek\epstopdf-base.sty"
Package: epstopdf-base 2010/02/09 v2.5 Base part for package epstopdf

("C:\Program Files (x86)\MiKTeX 2.9\tex\generic\oberdiek\infwarerr.sty"
Package: infwarerr 2010/04/08 v1.3 Providing info/warning/error messages (HO)
)
("C:\Program Files (x86)\MiKTeX 2.9\tex\latex\oberdiek\grfext.sty"
Package: grfext 2010/08/19 v1.1 Manage graphics extensions (HO)

("C:\Program Files (x86)\MiKTeX 2.9\tex\generic\oberdiek\kvdefinekeys.sty"
Package: kvdefinekeys 2011/04/07 v1.3 Define keys (HO)

("C:\Program Files (x86)\MiKTeX 2.9\tex\generic\oberdiek\ltxcmds.sty"
Package: ltxcmds 2011/11/09 v1.22 LaTeX kernel commands for general use (HO)
)))
("C:\Program Files (x86)\MiKTeX 2.9\tex\latex\oberdiek\kvoptions.sty"
Package: kvoptions 2011/06/30 v3.11 Key value format for package options (HO)

("C:\Program Files (x86)\MiKTeX 2.9\tex\generic\oberdiek\kvsetkeys.sty"
Package: kvsetkeys 2012/04/25 v1.16 Key value parser (HO)

("C:\Program Files (x86)\MiKTeX 2.9\tex\generic\oberdiek\etexcmds.sty"
Package: etexcmds 2011/02/16 v1.5 Avoid name clashes with e-TeX commands (HO)

("C:\Program Files (x86)\MiKTeX 2.9\tex\generic\oberdiek\ifluatex.sty"
Package: ifluatex 2010/03/01 v1.3 Provides the ifluatex switch (HO)
Package ifluatex Info: LuaTeX not detected.
)
Package etexcmds Info: Could not find \expanded.
(etexcmds)             That can mean that you are not using pdfTeX 1.50 or
(etexcmds)             that some package has redefined \expanded.
(etexcmds)             In the latter case, load this package earlier.
)))
("C:\Program Files (x86)\MiKTeX 2.9\tex\generic\oberdiek\pdftexcmds.sty"
Package: pdftexcmds 2011/11/29 v0.20 Utility functions of pdfTeX for LuaTeX (HO
)

("C:\Program Files (x86)\MiKTeX 2.9\tex\generic\oberdiek\ifpdf.sty"
Package: ifpdf 2011/01/30 v2.3 Provides the ifpdf switch (HO)
Package ifpdf Info: pdfTeX in PDF mode is not detected.
)
Package pdftexcmds Info: LuaTeX not detected.
Package pdftexcmds Info: \pdf@primitive is available.
Package pdftexcmds Info: \pdf@ifprimitive is available.
Package pdftexcmds Info: \pdfdraftmode is ignored in DVI mode.
)

Package epstopdf Warning: Drivers other than `pdftex.def' are not supported.

))
(C:\Users\u0087680\AppData\Roaming\MiKTeX\2.9\tex\latex\etoolbox\etoolbox.sty
Package: etoolbox 2017/01/02 v2.4 e-TeX tools for LaTeX (JAW)
\etb@tempcnta=\count116
)
(C:\Users\u0087680\AppData\Roaming\MiKTeX\2.9\tex\latex\pgf\frontendlayer\tikz.
sty
(C:\Users\u0087680\AppData\Roaming\MiKTeX\2.9\tex\latex\pgf\basiclayer\pgf.sty
(C:\Users\u0087680\AppData\Roaming\MiKTeX\2.9\tex\latex\pgf\utilities\pgfrcs.st
y
(C:\Users\u0087680\AppData\Roaming\MiKTeX\2.9\tex\generic\pgf\utilities\pgfutil
-common.tex
\pgfutil@everybye=\toks23
\pgfutil@tempdima=\dimen151
\pgfutil@tempdimb=\dimen152

(C:\Users\u0087680\AppData\Roaming\MiKTeX\2.9\tex\generic\pgf\utilities\pgfutil
-common-lists.tex))
(C:\Users\u0087680\AppData\Roaming\MiKTeX\2.9\tex\generic\pgf\utilities\pgfutil
-latex.def
\pgfutil@abb=\box30

(C:\Users\u0087680\AppData\Roaming\MiKTeX\2.9\tex\latex\ms\everyshi.sty
Package: everyshi 2001/05/15 v3.00 EveryShipout Package (MS)
))
(C:\Users\u0087680\AppData\Roaming\MiKTeX\2.9\tex\generic\pgf\utilities\pgfrcs.
code.tex
Package: pgfrcs 2015/08/07 v3.0.1a (rcs-revision 1.31)
))
Package: pgf 2015/08/07 v3.0.1a (rcs-revision 1.15)

(C:\Users\u0087680\AppData\Roaming\MiKTeX\2.9\tex\latex\pgf\basiclayer\pgfcore.
sty
(C:\Users\u0087680\AppData\Roaming\MiKTeX\2.9\tex\latex\pgf\systemlayer\pgfsys.
sty
(C:\Users\u0087680\AppData\Roaming\MiKTeX\2.9\tex\generic\pgf\systemlayer\pgfsy
s.code.tex
Package: pgfsys 2014/07/09 v3.0.1a (rcs-revision 1.48)

(C:\Users\u0087680\AppData\Roaming\MiKTeX\2.9\tex\generic\pgf\utilities\pgfkeys
.code.tex
\pgfkeys@pathtoks=\toks24
\pgfkeys@temptoks=\toks25

(C:\Users\u0087680\AppData\Roaming\MiKTeX\2.9\tex\generic\pgf\utilities\pgfkeys
filtered.code.tex
\pgfkeys@tmptoks=\toks26
))
\pgf@x=\dimen153
\pgf@y=\dimen154
\pgf@xa=\dimen155
\pgf@ya=\dimen156
\pgf@xb=\dimen157
\pgf@yb=\dimen158
\pgf@xc=\dimen159
\pgf@yc=\dimen160
\w@pgf@writea=\write3
\r@pgf@reada=\read1
\c@pgf@counta=\count117
\c@pgf@countb=\count118
\c@pgf@countc=\count119
\c@pgf@countd=\count120
\t@pgf@toka=\toks27
\t@pgf@tokb=\toks28
\t@pgf@tokc=\toks29

(C:\Users\u0087680\AppData\Roaming\MiKTeX\2.9\tex\generic\pgf\systemlayer\pgf.c
fg
File: pgf.cfg 2008/05/14  (rcs-revision 1.7)
)
Driver file for pgf: pgfsys-dvips.def

(C:\Users\u0087680\AppData\Roaming\MiKTeX\2.9\tex\generic\pgf\systemlayer\pgfsy
s-dvips.def
File: pgfsys-dvips.def 2014/07/09  (rcs-revision 1.25)

(C:\Users\u0087680\AppData\Roaming\MiKTeX\2.9\tex\generic\pgf\systemlayer\pgfsy
s-common-postscript.def
File: pgfsys-common-postscript.def 2008/10/01  (rcs-revision 1.22)
\pgf@objectcount=\count121
)))
(C:\Users\u0087680\AppData\Roaming\MiKTeX\2.9\tex\generic\pgf\systemlayer\pgfsy
ssoftpath.code.tex
File: pgfsyssoftpath.code.tex 2013/09/09  (rcs-revision 1.9)
\pgfsyssoftpath@smallbuffer@items=\count122
\pgfsyssoftpath@bigbuffer@items=\count123
)
(C:\Users\u0087680\AppData\Roaming\MiKTeX\2.9\tex\generic\pgf\systemlayer\pgfsy
sprotocol.code.tex
File: pgfsysprotocol.code.tex 2006/10/16  (rcs-revision 1.4)
))
(C:\Users\u0087680\AppData\Roaming\MiKTeX\2.9\tex\latex\xcolor\xcolor.sty
Package: xcolor 2016/05/11 v2.12 LaTeX color extensions (UK)

("C:\Program Files (x86)\MiKTeX 2.9\tex\latex\00miktex\color.cfg"
File: color.cfg 2007/01/18 v1.5 color configuration of teTeX/TeXLive
)
Package xcolor Info: Driver file: dvips.def on input line 225.
Package xcolor Info: Model `cmy' substituted by `cmy0' on input line 1348.
Package xcolor Info: Model `RGB' extended on input line 1364.
Package xcolor Info: Model `HTML' substituted by `rgb' on input line 1366.
Package xcolor Info: Model `Hsb' substituted by `hsb' on input line 1367.
Package xcolor Info: Model `tHsb' substituted by `hsb' on input line 1368.
Package xcolor Info: Model `HSB' substituted by `hsb' on input line 1369.
Package xcolor Info: Model `Gray' substituted by `gray' on input line 1370.
Package xcolor Info: Model `wave' substituted by `hsb' on input line 1371.
)
(C:\Users\u0087680\AppData\Roaming\MiKTeX\2.9\tex\generic\pgf\basiclayer\pgfcor
e.code.tex
Package: pgfcore 2010/04/11 v3.0.1a (rcs-revision 1.7)

(C:\Users\u0087680\AppData\Roaming\MiKTeX\2.9\tex\generic\pgf\math\pgfmath.code
.tex
(C:\Users\u0087680\AppData\Roaming\MiKTeX\2.9\tex\generic\pgf\math\pgfmathcalc.
code.tex
(C:\Users\u0087680\AppData\Roaming\MiKTeX\2.9\tex\generic\pgf\math\pgfmathutil.
code.tex)
(C:\Users\u0087680\AppData\Roaming\MiKTeX\2.9\tex\generic\pgf\math\pgfmathparse
r.code.tex
\pgfmath@dimen=\dimen161
\pgfmath@count=\count124
\pgfmath@box=\box31
\pgfmath@toks=\toks30
\pgfmath@stack@operand=\toks31
\pgfmath@stack@operation=\toks32
)
(C:\Users\u0087680\AppData\Roaming\MiKTeX\2.9\tex\generic\pgf\math\pgfmathfunct
ions.code.tex
(C:\Users\u0087680\AppData\Roaming\MiKTeX\2.9\tex\generic\pgf\math\pgfmathfunct
ions.basic.code.tex)
(C:\Users\u0087680\AppData\Roaming\MiKTeX\2.9\tex\generic\pgf\math\pgfmathfunct
ions.trigonometric.code.tex)
(C:\Users\u0087680\AppData\Roaming\MiKTeX\2.9\tex\generic\pgf\math\pgfmathfunct
ions.random.code.tex)
(C:\Users\u0087680\AppData\Roaming\MiKTeX\2.9\tex\generic\pgf\math\pgfmathfunct
ions.comparison.code.tex)
(C:\Users\u0087680\AppData\Roaming\MiKTeX\2.9\tex\generic\pgf\math\pgfmathfunct
ions.base.code.tex)
(C:\Users\u0087680\AppData\Roaming\MiKTeX\2.9\tex\generic\pgf\math\pgfmathfunct
ions.round.code.tex)
(C:\Users\u0087680\AppData\Roaming\MiKTeX\2.9\tex\generic\pgf\math\pgfmathfunct
ions.misc.code.tex)
(C:\Users\u0087680\AppData\Roaming\MiKTeX\2.9\tex\generic\pgf\math\pgfmathfunct
ions.integerarithmetics.code.tex)))
(C:\Users\u0087680\AppData\Roaming\MiKTeX\2.9\tex\generic\pgf\math\pgfmathfloat
.code.tex
\c@pgfmathroundto@lastzeros=\count125
))
(C:\Users\u0087680\AppData\Roaming\MiKTeX\2.9\tex\generic\pgf\basiclayer\pgfcor
epoints.code.tex
File: pgfcorepoints.code.tex 2013/10/07  (rcs-revision 1.27)
\pgf@picminx=\dimen162
\pgf@picmaxx=\dimen163
\pgf@picminy=\dimen164
\pgf@picmaxy=\dimen165
\pgf@pathminx=\dimen166
\pgf@pathmaxx=\dimen167
\pgf@pathminy=\dimen168
\pgf@pathmaxy=\dimen169
\pgf@xx=\dimen170
\pgf@xy=\dimen171
\pgf@yx=\dimen172
\pgf@yy=\dimen173
\pgf@zx=\dimen174
\pgf@zy=\dimen175
)
(C:\Users\u0087680\AppData\Roaming\MiKTeX\2.9\tex\generic\pgf\basiclayer\pgfcor
epathconstruct.code.tex
File: pgfcorepathconstruct.code.tex 2013/10/07  (rcs-revision 1.29)
\pgf@path@lastx=\dimen176
\pgf@path@lasty=\dimen177
)
(C:\Users\u0087680\AppData\Roaming\MiKTeX\2.9\tex\generic\pgf\basiclayer\pgfcor
epathusage.code.tex
File: pgfcorepathusage.code.tex 2014/11/02  (rcs-revision 1.24)
\pgf@shorten@end@additional=\dimen178
\pgf@shorten@start@additional=\dimen179
)
(C:\Users\u0087680\AppData\Roaming\MiKTeX\2.9\tex\generic\pgf\basiclayer\pgfcor
escopes.code.tex
File: pgfcorescopes.code.tex 2015/05/08  (rcs-revision 1.46)
\pgfpic=\box32
\pgf@hbox=\box33
\pgf@layerbox@main=\box34
\pgf@picture@serial@count=\count126
)
(C:\Users\u0087680\AppData\Roaming\MiKTeX\2.9\tex\generic\pgf\basiclayer\pgfcor
egraphicstate.code.tex
File: pgfcoregraphicstate.code.tex 2014/11/02  (rcs-revision 1.12)
\pgflinewidth=\dimen180
)
(C:\Users\u0087680\AppData\Roaming\MiKTeX\2.9\tex\generic\pgf\basiclayer\pgfcor
etransformations.code.tex
File: pgfcoretransformations.code.tex 2015/08/07  (rcs-revision 1.20)
\pgf@pt@x=\dimen181
\pgf@pt@y=\dimen182
\pgf@pt@temp=\dimen183
)
(C:\Users\u0087680\AppData\Roaming\MiKTeX\2.9\tex\generic\pgf\basiclayer\pgfcor
equick.code.tex
File: pgfcorequick.code.tex 2008/10/09  (rcs-revision 1.3)
)
(C:\Users\u0087680\AppData\Roaming\MiKTeX\2.9\tex\generic\pgf\basiclayer\pgfcor
eobjects.code.tex
File: pgfcoreobjects.code.tex 2006/10/11  (rcs-revision 1.2)
)
(C:\Users\u0087680\AppData\Roaming\MiKTeX\2.9\tex\generic\pgf\basiclayer\pgfcor
epathprocessing.code.tex
File: pgfcorepathprocessing.code.tex 2013/09/09  (rcs-revision 1.9)
)
(C:\Users\u0087680\AppData\Roaming\MiKTeX\2.9\tex\generic\pgf\basiclayer\pgfcor
earrows.code.tex
File: pgfcorearrows.code.tex 2015/05/14  (rcs-revision 1.43)
\pgfarrowsep=\dimen184
)
(C:\Users\u0087680\AppData\Roaming\MiKTeX\2.9\tex\generic\pgf\basiclayer\pgfcor
eshade.code.tex
File: pgfcoreshade.code.tex 2013/07/15  (rcs-revision 1.15)
\pgf@max=\dimen185
\pgf@sys@shading@range@num=\count127
)
(C:\Users\u0087680\AppData\Roaming\MiKTeX\2.9\tex\generic\pgf\basiclayer\pgfcor
eimage.code.tex
File: pgfcoreimage.code.tex 2013/07/15  (rcs-revision 1.18)

(C:\Users\u0087680\AppData\Roaming\MiKTeX\2.9\tex\generic\pgf\basiclayer\pgfcor
eexternal.code.tex
File: pgfcoreexternal.code.tex 2014/07/09  (rcs-revision 1.21)
\pgfexternal@startupbox=\box35
))
(C:\Users\u0087680\AppData\Roaming\MiKTeX\2.9\tex\generic\pgf\basiclayer\pgfcor
elayers.code.tex
File: pgfcorelayers.code.tex 2013/07/18  (rcs-revision 1.7)
)
(C:\Users\u0087680\AppData\Roaming\MiKTeX\2.9\tex\generic\pgf\basiclayer\pgfcor
etransparency.code.tex
File: pgfcoretransparency.code.tex 2013/09/30  (rcs-revision 1.5)
)
(C:\Users\u0087680\AppData\Roaming\MiKTeX\2.9\tex\generic\pgf\basiclayer\pgfcor
epatterns.code.tex
File: pgfcorepatterns.code.tex 2013/11/07  (rcs-revision 1.5)
)))
(C:\Users\u0087680\AppData\Roaming\MiKTeX\2.9\tex\generic\pgf\modules\pgfmodule
shapes.code.tex
File: pgfmoduleshapes.code.tex 2014/03/21  (rcs-revision 1.35)
\pgfnodeparttextbox=\box36
)
(C:\Users\u0087680\AppData\Roaming\MiKTeX\2.9\tex\generic\pgf\modules\pgfmodule
plot.code.tex
File: pgfmoduleplot.code.tex 2015/08/03  (rcs-revision 1.13)
)
(C:\Users\u0087680\AppData\Roaming\MiKTeX\2.9\tex\latex\pgf\compatibility\pgfco
mp-version-0-65.sty
Package: pgfcomp-version-0-65 2007/07/03 v3.0.1a (rcs-revision 1.7)
\pgf@nodesepstart=\dimen186
\pgf@nodesepend=\dimen187
)
(C:\Users\u0087680\AppData\Roaming\MiKTeX\2.9\tex\latex\pgf\compatibility\pgfco
mp-version-1-18.sty
Package: pgfcomp-version-1-18 2007/07/23 v3.0.1a (rcs-revision 1.1)
))
(C:\Users\u0087680\AppData\Roaming\MiKTeX\2.9\tex\latex\pgf\utilities\pgffor.st
y
(C:\Users\u0087680\AppData\Roaming\MiKTeX\2.9\tex\latex\pgf\utilities\pgfkeys.s
ty
(C:\Users\u0087680\AppData\Roaming\MiKTeX\2.9\tex\generic\pgf\utilities\pgfkeys
.code.tex))
(C:\Users\u0087680\AppData\Roaming\MiKTeX\2.9\tex\latex\pgf\math\pgfmath.sty
(C:\Users\u0087680\AppData\Roaming\MiKTeX\2.9\tex\generic\pgf\math\pgfmath.code
.tex))
(C:\Users\u0087680\AppData\Roaming\MiKTeX\2.9\tex\generic\pgf\utilities\pgffor.
code.tex
Package: pgffor 2013/12/13 v3.0.1a (rcs-revision 1.25)

(C:\Users\u0087680\AppData\Roaming\MiKTeX\2.9\tex\generic\pgf\math\pgfmath.code
.tex)
\pgffor@iter=\dimen188
\pgffor@skip=\dimen189
\pgffor@stack=\toks33
\pgffor@toks=\toks34
))
(C:\Users\u0087680\AppData\Roaming\MiKTeX\2.9\tex\generic\pgf\frontendlayer\tik
z\tikz.code.tex
Package: tikz 2015/08/07 v3.0.1a (rcs-revision 1.151)

(C:\Users\u0087680\AppData\Roaming\MiKTeX\2.9\tex\generic\pgf\libraries\pgflibr
aryplothandlers.code.tex
File: pgflibraryplothandlers.code.tex 2013/08/31 v3.0.1a (rcs-revision 1.20)
\pgf@plot@mark@count=\count128
\pgfplotmarksize=\dimen190
)
\tikz@lastx=\dimen191
\tikz@lasty=\dimen192
\tikz@lastxsaved=\dimen193
\tikz@lastysaved=\dimen194
\tikzleveldistance=\dimen195
\tikzsiblingdistance=\dimen196
\tikz@figbox=\box37
\tikz@figbox@bg=\box38
\tikz@tempbox=\box39
\tikz@tempbox@bg=\box40
\tikztreelevel=\count129
\tikznumberofchildren=\count130
\tikznumberofcurrentchild=\count131
\tikz@fig@count=\count132

(C:\Users\u0087680\AppData\Roaming\MiKTeX\2.9\tex\generic\pgf\modules\pgfmodule
matrix.code.tex
File: pgfmodulematrix.code.tex 2013/09/17  (rcs-revision 1.8)
\pgfmatrixcurrentrow=\count133
\pgfmatrixcurrentcolumn=\count134
\pgf@matrix@numberofcolumns=\count135
)
\tikz@expandcount=\count136

(C:\Users\u0087680\AppData\Roaming\MiKTeX\2.9\tex\generic\pgf\frontendlayer\tik
z\libraries\tikzlibrarytopaths.code.tex
File: tikzlibrarytopaths.code.tex 2008/06/17 v3.0.1a (rcs-revision 1.2)
)))
(C:\Users\u0087680\AppData\Roaming\MiKTeX\2.9\tex\latex\contour\contour.sty
Package: contour 2004/11/18 v2.14 Print contoured text (HH, MH)
\con@length=\skip49

Loading configuration file `contour.cfg'.
(C:\Users\u0087680\AppData\Roaming\MiKTeX\2.9\tex\latex\contour\contour.cfg
File: contour.cfg 2004/11/18 v2.14 Print contoured text (HH, MH)
)
contour: Using driver file `dvips.cnt'.
(C:\Users\u0087680\AppData\Roaming\MiKTeX\2.9\tex\latex\contour\dvips.cnt
File: dvips.cnt 2004/11/18 v2.14 Print contoured text (HH, MH)
))
(C:\Users\u0087680\AppData\Roaming\MiKTeX\2.9\tex\latex\mathtools\mathtools.sty
Package: mathtools 2015/11/12 v1.18 mathematical typesetting tools
("C:\Program Files (x86)\MiKTeX 2.9\tex\latex\tools\calc.sty"
Package: calc 2014/10/28 v4.3 Infix arithmetic (KKT,FJ)
\calc@Acount=\count137
\calc@Bcount=\count138
\calc@Adimen=\dimen197
\calc@Bdimen=\dimen198
\calc@Askip=\skip50
\calc@Bskip=\skip51
LaTeX Info: Redefining \setlength on input line 80.
LaTeX Info: Redefining \addtolength on input line 81.
\calc@Ccount=\count139
\calc@Cskip=\skip52
)
(C:\Users\u0087680\AppData\Roaming\MiKTeX\2.9\tex\latex\mathtools\mhsetup.sty
Package: mhsetup 2010/01/21 v1.2a programming setup (MH)
)
LaTeX Info: Thecontrolsequence`\('isalreadyrobust on input line 129.
LaTeX Info: Thecontrolsequence`\)'isalreadyrobust on input line 129.
LaTeX Info: Thecontrolsequence`\['isalreadyrobust on input line 129.
LaTeX Info: Thecontrolsequence`\]'isalreadyrobust on input line 129.
\g_MT_multlinerow_int=\count140
\l_MT_multwidth_dim=\dimen199
\origjot=\skip53
\l_MT_shortvdotswithinadjustabove_dim=\dimen200
\l_MT_shortvdotswithinadjustbelow_dim=\dimen201
\l_MT_above_intertext_sep=\dimen202
\l_MT_below_intertext_sep=\dimen203
\l_MT_above_shortintertext_sep=\dimen204
\l_MT_below_shortintertext_sep=\dimen205
) (C:\Users\u0087680\AppData\Roaming\MiKTeX\2.9\tex\latex\optidef\optidef.sty
Package: optidef 2016/10/22 - version=2.3, Package for defining optimization pr
oblems

(C:\Users\u0087680\AppData\Roaming\MiKTeX\2.9\tex\latex\environ\environ.sty
Package: environ 2014/05/04 v0.3 A new way to define environments

(C:\Users\u0087680\AppData\Roaming\MiKTeX\2.9\tex\latex\trimspaces\trimspaces.s
ty
Package: trimspaces 2009/09/17 v1.1 Trim spaces around a token list
))
(C:\Users\u0087680\AppData\Roaming\MiKTeX\2.9\tex\latex\xifthen\xifthen.sty
Package: xifthen 2015/11/05 v1.4.0 Extended ifthen features

("C:\Program Files (x86)\MiKTeX 2.9\tex\latex\base\ifthen.sty"
Package: ifthen 2014/09/29 v1.1c Standard LaTeX ifthen package (DPC)
)
(C:\Users\u0087680\AppData\Roaming\MiKTeX\2.9\tex\latex\ifmtarg\ifmtarg.sty
Package: ifmtarg 2009/09/02 v1.2a check for an empty argument
))
(C:\Users\u0087680\AppData\Roaming\MiKTeX\2.9\tex\latex\l3packages\xparse\xpars
e.sty
(C:\Users\u0087680\AppData\Roaming\MiKTeX\2.9\tex\latex\l3kernel\expl3.sty
Package: expl3 2017/04/01 L3 programming layer (loader) 

(C:\Users\u0087680\AppData\Roaming\MiKTeX\2.9\tex\latex\l3kernel\expl3-code.tex
Package: expl3 2017/04/01 L3 programming layer (code)
\c_max_int=\count141
\l_tmpa_int=\count142
\l_tmpb_int=\count143
\g_tmpa_int=\count144
\g_tmpb_int=\count145
\g__prg_map_int=\count146
\c_log_iow=\count147
\l_iow_line_count_int=\count148
\l__iow_line_target_int=\count149
\l__iow_one_indent_int=\count150
\l__iow_indent_int=\count151
\c_zero_dim=\dimen206
\c_max_dim=\dimen207
\l_tmpa_dim=\dimen208
\l_tmpb_dim=\dimen209
\g_tmpa_dim=\dimen210
\g_tmpb_dim=\dimen211
\c_zero_skip=\skip54
\c_max_skip=\skip55
\l_tmpa_skip=\skip56
\l_tmpb_skip=\skip57
\g_tmpa_skip=\skip58
\g_tmpb_skip=\skip59
\c_zero_muskip=\muskip11
\c_max_muskip=\muskip12
\l_tmpa_muskip=\muskip13
\l_tmpb_muskip=\muskip14
\g_tmpa_muskip=\muskip15
\g_tmpb_muskip=\muskip16
\l_keys_choice_int=\count152
\c__fp_leading_shift_int=\count153
\c__fp_middle_shift_int=\count154
\c__fp_trailing_shift_int=\count155
\c__fp_big_leading_shift_int=\count156
\c__fp_big_middle_shift_int=\count157
\c__fp_big_trailing_shift_int=\count158
\c__fp_Bigg_leading_shift_int=\count159
\c__fp_Bigg_middle_shift_int=\count160
\c__fp_Bigg_trailing_shift_int=\count161
\c__fp_rand_size_int=\count162
\c__fp_rand_four_int=\count163
\c__fp_rand_eight_int=\count164
\l__sort_length_int=\count165
\l__sort_min_int=\count166
\l__sort_top_int=\count167
\l__sort_max_int=\count168
\l__sort_true_max_int=\count169
\l__sort_block_int=\count170
\l__sort_begin_int=\count171
\l__sort_end_int=\count172
\l__sort_A_int=\count173
\l__sort_B_int=\count174
\l__sort_C_int=\count175
\c_empty_box=\box41
\l_tmpa_box=\box42
\l_tmpb_box=\box43
\g_tmpa_box=\box44
\g_tmpb_box=\box45
\l__coffin_internal_box=\box46
\l__coffin_internal_dim=\dimen212
\l__coffin_offset_x_dim=\dimen213
\l__coffin_offset_y_dim=\dimen214
\l__coffin_x_dim=\dimen215
\l__coffin_y_dim=\dimen216
\l__coffin_x_prime_dim=\dimen217
\l__coffin_y_prime_dim=\dimen218
\c_empty_coffin=\box47
\l__coffin_aligned_coffin=\box48
\l__coffin_aligned_internal_coffin=\box49
\l_tmpa_coffin=\box50
\l_tmpb_coffin=\box51
\l__coffin_display_coffin=\box52
\l__coffin_display_coord_coffin=\box53
\l__coffin_display_pole_coffin=\box54
\l__coffin_display_offset_dim=\dimen219
\l__coffin_display_x_dim=\dimen220
\l__coffin_display_y_dim=\dimen221
\l__box_top_dim=\dimen222
\l__box_bottom_dim=\dimen223
\l__box_left_dim=\dimen224
\l__box_right_dim=\dimen225
\l__box_top_new_dim=\dimen226
\l__box_bottom_new_dim=\dimen227
\l__box_left_new_dim=\dimen228
\l__box_right_new_dim=\dimen229
\l__box_internal_box=\box55
\l__coffin_bounding_shift_dim=\dimen230
\l__coffin_left_corner_dim=\dimen231
\l__coffin_right_corner_dim=\dimen232
\l__coffin_bottom_corner_dim=\dimen233
\l__coffin_top_corner_dim=\dimen256
\l__coffin_scaled_total_height_dim=\dimen257
\l__coffin_scaled_width_dim=\dimen258
) (C:\Users\u0087680\AppData\Roaming\MiKTeX\2.9\tex\latex\l3kernel\l3dvips.def
File: l3dvips.def 2017/03/18 v L3 Experimental driver: dvips
))
Package: xparse 2017/04/01 L3 Experimental document command parser
\l__xparse_current_arg_int=\count176
\g__xparse_grabber_int=\count177
\l__xparse_m_args_int=\count178
\l__xparse_mandatory_args_int=\count179
\l__xparse_v_nesting_int=\count180
)
\widthInit=\skip60
.................................................
. LaTeX info: "xparse/define-command"
. 
. Defining command \bodyconst with sig. 'm G{}' on line 125.
.................................................
.................................................
. LaTeX info: "xparse/define-command"
. 
. Defining command \bodyconstRight with sig. 'm G{} G{}' on line 158.
.................................................
.................................................
. LaTeX info: "xparse/define-command"
. 
. Defining command \bodyconstOneAlign with sig. 'm G{} G{}' on line 172.
.................................................
.................................................
. LaTeX info: "xparse/define-command"
. 
. Defining command \bodyconstOneAlignBelow with sig. 'm G{} G{}' on line 187.
.................................................
.................................................
. LaTeX info: "xparse/define-command"
. 
. Defining command \bodyconstBelow with sig. 'm G{} G{}' on line 213.
.................................................
.................................................
. LaTeX info: "xparse/define-command"
. 
. Defining command \bodyconstBelowMult with sig. 'm G{} G{}' on line 239.
.................................................
.................................................
. LaTeX info: "xparse/define-command"
. 
. Defining command \bodyconstOneAlignBelowMult with sig. 'm G{} G{}' on line
. 254.
.................................................
.................................................
. LaTeX info: "xparse/define-command"
. 
. Defining command \addConstraint with sig. 'm G{} G{}' on line 299.
.................................................
.................................................
. LaTeX info: "xparse/define-command"
. 
. Defining command \standardAddConstraint with sig. 'm G{} G{}' on line 329.
.................................................
.................................................
. LaTeX info: "xparse/define-command"
. 
. Defining command \BelowAddConstraint with sig. 'm G{} G{}' on line 354.
.................................................
.................................................
. LaTeX info: "xparse/define-command"
. 
. Defining command \oneAlignAddConstraint with sig. 'm G{} G{}' on line 370.
.................................................
.................................................
. LaTeX info: "xparse/define-command"
. 
. Defining command \oneAlignBelowAddConstraint with sig. 'm G{} G{}' on line
. 386.
.................................................
.................................................
. LaTeX info: "xparse/define-command"
. 
. Defining command \BelowAddConstraintMult with sig. 'm G{} G{}' on line 410.
.................................................
.................................................
. LaTeX info: "xparse/define-command"
. 
. Defining command \oneAlignBelowAddConstraintMult with sig. 'm G{} G{}' on
. line 426.
.................................................
.................................................
. LaTeX info: "xparse/define-environment"
. 
. Defining environment 'mini' with sig. 'D||{\defaultProblemFormat } O{0} m m
. m m' on line 548.
.................................................
.................................................
. LaTeX info: "xparse/define-environment"
. 
. Defining environment 'argmini' with sig. 'D||{\defaultProblemFormat } O{0} m
. m m m' on line 556.
.................................................
.................................................
. LaTeX info: "xparse/define-environment"
. 
. Defining environment 'mini*' with sig. 'D||{\defaultProblemFormat } O{0} m m
. m m' on line 566.
.................................................
.................................................
. LaTeX info: "xparse/define-environment"
. 
. Defining environment 'argmini*' with sig. 'D||{l} O{0} m m m m' on line 574.
.................................................
.................................................
. LaTeX info: "xparse/define-environment"
. 
. Defining environment 'mini!' with sig. 'D||{\defaultProblemFormat } O{0} m m
. m m' on line 584.
.................................................
.................................................
. LaTeX info: "xparse/define-environment"
. 
. Defining environment 'argmini!' with sig. 'D||{\defaultProblemFormat } O{0}
. m m m m' on line 592.
.................................................
.................................................
. LaTeX info: "xparse/define-environment"
. 
. Defining environment 'maxi' with sig. 'D||{\defaultProblemFormat } O{0} m m
. m m' on line 606.
.................................................
.................................................
. LaTeX info: "xparse/define-environment"
. 
. Defining environment 'argmaxi' with sig. 'D||{\defaultProblemFormat } O{0} m
. m m m' on line 614.
.................................................
.................................................
. LaTeX info: "xparse/define-environment"
. 
. Defining environment 'maxi*' with sig. 'D||{\defaultProblemFormat } O{0} m m
. m m' on line 624.
.................................................
.................................................
. LaTeX info: "xparse/define-environment"
. 
. Defining environment 'argmaxi*' with sig. 'D||{l} O{0} m m m m' on line 632.
.................................................
.................................................
. LaTeX info: "xparse/define-environment"
. 
. Defining environment 'maxi!' with sig. 'D||{\defaultProblemFormat } O{0} m m
. m m' on line 642.
.................................................
.................................................
. LaTeX info: "xparse/define-environment"
. 
. Defining environment 'argmaxi!' with sig. 'D||{\defaultProblemFormat } O{0}
. m m m m' on line 650.
.................................................
)
(C:\Users\u0087680\AppData\Roaming\MiKTeX\2.9\tex\latex\printlen\printlen.sty
Package: printlen 2009/09/03 v1.1a print lengths with units
)) (torque2.aux)
LaTeX Font Info:    Checking defaults for OML/cmm/m/it on input line 6.
LaTeX Font Info:    ... okay on input line 6.
LaTeX Font Info:    Checking defaults for T1/cmr/m/n on input line 6.
LaTeX Font Info:    ... okay on input line 6.
LaTeX Font Info:    Checking defaults for OT1/cmr/m/n on input line 6.
LaTeX Font Info:    ... okay on input line 6.
LaTeX Font Info:    Checking defaults for OMS/cmsy/m/n on input line 6.
LaTeX Font Info:    ... okay on input line 6.
LaTeX Font Info:    Checking defaults for OMX/cmex/m/n on input line 6.
LaTeX Font Info:    ... okay on input line 6.
LaTeX Font Info:    Checking defaults for U/cmr/m/n on input line 6.
LaTeX Font Info:    ... okay on input line 6.
Package caption Info: Begin \AtBeginDocument code.
Package caption Info: Incompatible package detected (regarding \@caption).
(caption)             \@caption = \long macro:#1[#2]#3->\par \begingroup \@parb
oxrestore \normalsize \@makecaption {\csname fnum@#1\endcsname }{\ignorespaces 
#3}\par \endgroup .


Package caption Warning: \caption will not be redefined since it's already
(caption)                redefined by a document class or package which is
(caption)                unknown to the caption package.
See the caption package documentation for explanation.

Package caption Info: threeparttable package is loaded.
Package caption Info: End \AtBeginDocument code.
ABD: EveryShipout initializing macros

LaTeX Font Warning: Font shape `OT1/cmr/m/n' in size <18.06749> not available
(Font)              size <17.28> substituted on input line 7.


LaTeX Font Warning: Font shape `OT1/cmr/bx/n' in size <18.06749> not available
(Font)              size <17.28> substituted on input line 7.

LaTeX Font Info:    Try loading font information for U+rsfs on input line 22.
("C:\Program Files (x86)\MiKTeX 2.9\tex\latex\jknappen\ursfs.fd"
File: ursfs.fd 1998/03/24 rsfs font definition file (jk)
)
LaTeX Font Info:    Try loading font information for U+msa on input line 22.

("C:\Program Files (x86)\MiKTeX 2.9\tex\latex\amsfonts\umsa.fd"
File: umsa.fd 2013/01/14 v3.01 AMS symbols A
)
LaTeX Font Info:    Try loading font information for U+msb on input line 22.

("C:\Program Files (x86)\MiKTeX 2.9\tex\latex\amsfonts\umsb.fd"
File: umsb.fd 2013/01/14 v3.01 AMS symbols B
) [1



]
File: Torque18/figure1.eps Graphic file (type eps)

<Torque18/figure1.eps> [2]

LaTeX Warning: Citation `muntersshift' on page 3 undefined on input line 82.

File: Torque18/eps/drawing.eps Graphic file (type eps)
<Torque18/eps/drawing.eps>

LaTeX Warning: Citation `jonkman' on page 3 undefined on input line 95.

[3]
File: Torque18/convergence.eps Graphic file (type eps)
 <Torque18/convergence.eps> [4]
File: Torque18/power_gain_bar.eps Graphic file (type eps)
 <Torque18/power_gain_bar.eps> [5]
File: Torque18/power_row.eps Graphic file (type eps)

<Torque18/power_row.eps>
File: Torque18/tight_stat.eps Graphic file (type eps)
 <Torque18/tight_stat.eps>
File: Torque18/wide_stat.eps Graphic file (type eps)
 <Torque18/wide_stat.eps>
File: Torque18/yaw_angles.eps Graphic file (type eps)

<Torque18/yaw_angles.eps>
File: Torque18/ctfilts.eps Graphic file (type eps)
 <Torque18/ctfilts.eps> [6] [7] [8]
Underfull \vbox (badness 10000) has occurred while \output is active []

 [9]
(torque2.aux)

LaTeX Font Warning: Size substitutions with differences
(Font)              up to 0.78749pt have occurred.


LaTeX Warning: There were undefined references.

 ) 
Here is how much of TeX's memory you used:
 21803 strings out of 493672
 432274 string characters out of 3141436
 459371 words of memory out of 3000000
 24797 multiletter control sequences out of 15000+200000
 13278 words of font info for 50 fonts, out of 3000000 for 9000
 1025 hyphenation exceptions out of 8191
 59i,14n,56p,10433b,349s stack positions out of 5000i,500n,10000p,200000b,50000s

Output written on torque2.dvi (9 pages, 36556 bytes).
